make all --print-data-base --no-builtin-variables --no-builtin-rules --question
make: *** No rule to make target 'all'.  Stop.

# GNU Make 4.2.1
# Built for x86_64-pc-linux-gnu
# Copyright (C) 1988-2016 Free Software Foundation, Inc.
# License GPLv3+: GNU GPL version 3 or later <http://gnu.org/licenses/gpl.html>
# This is free software: you are free to change and redistribute it.
# There is NO WARRANTY, to the extent permitted by law.

# Make data base, printed on Fri May 27 11:00:24 2022

# Variables

# 'override' directive
GNUMAKEFLAGS := 
# automatic
<D = $(patsubst %/,%,$(dir $<))
# automatic
?F = $(notdir $?)
# environment
DESKTOP_SESSION = pop
# default
.SHELLFLAGS := -c
# environment
XDG_SESSION_CLASS = user
# environment
XDG_SESSION_TYPE = x11
# environment
VSCODE_LOG_NATIVE = false
# makefile (from 'Makefile', line 2)
TARGET := "ImageProcessing"
# automatic
?D = $(patsubst %/,%,$(dir $?))
# environment
IM_CONFIG_PHASE = 1
# automatic
@D = $(patsubst %/,%,$(dir $@))
# environment
XAUTHORITY = /run/user/1000/gdm/Xauthority
# environment
GDMSESSION = pop
# environment
XMODIFIERS = @im=ibus
# makefile
CURDIR := /home/rishabhbali/image-processing
# makefile
SHELL = /bin/sh
# environment
VSCODE_NLS_CONFIG = {"locale":"en-us","availableLanguages":{},"_languagePackSupport":true}
# environment
JOURNAL_STREAM = 8:275648
# makefile (from 'Makefile', line 5)
CFLAGS := -std=c++17 -g
# environment
XDG_CONFIG_DIRS = /etc/xdg/xdg-pop:/etc/xdg
# makefile (from 'Makefile', line 1)
MAKEFILE_LIST :=  Makefile
# automatic
@F = $(notdir $@)
# environment
GIO_LAUNCHED_DESKTOP_FILE = /usr/share/applications/code.desktop
# environment
USERNAME = rishabhbali
# makefile (from 'Makefile', line 7)
SOURCES := src/image.cpp src/main.cpp
# environment
MANDATORY_PATH = /usr/share/gconf/pop.mandatory.path
# environment
XDG_DATA_DIRS = /usr/share/pop:/home/rishabhbali/.local/share/flatpak/exports/share:/var/lib/flatpak/exports/share:/usr/local/share/:/usr/share/:/var/lib/snapd/desktop
# environment
DBUS_SESSION_BUS_ADDRESS = unix:path=/run/user/1000/bus,guid=bede1b8d6bc23c8847de824d62904c1a
# environment
VSCODE_VERBOSE_LOGGING = true
# makefile (from 'Makefile', line 3)
BUILDDIR := build
# environment
_ = /usr/share/code/code
# environment
MANAGERPID = 17712
# environment
LESSOPEN = | /usr/bin/lesspipe %s
# environment
VSCODE_CWD = /home/rishabhbali
# default
MAKE_HOST := x86_64-pc-linux-gnu
# environment
PATH = /home/rishabhbali/.local/bin:/home/rishabhbali/bin:/home/rishabhbali/anaconda3/bin:/home/rishabhbali/anaconda3/condabin:/home/rishabhbali/.local/bin:/home/rishabhbali/bin:/usr/local/sbin:/usr/local/bin:/usr/sbin:/usr/bin:/sbin:/bin:/usr/games:/usr/local/games:/snap/bin:/usr/lib/cuda/bin:/usr/local/go/bin:/usr/lib/cuda/bin:/usr/local/go/bin
# environment
GPG_AGENT_INFO = /run/user/1000/gnupg/S.gpg-agent:0:1
# environment
SESSION_MANAGER = local/pop-os:@/tmp/.ICE-unix/18093,unix/pop-os:/tmp/.ICE-unix/18093
# environment
XDG_RUNTIME_DIR = /run/user/1000
# environment
CONDA_PREFIX = /home/rishabhbali/anaconda3
# environment
XDG_MENU_PREFIX = gnome-
# environment
VSCODE_LOG_STACK = false
# environment
ELECTRON_RUN_AS_NODE = 1
# environment
INVOCATION_ID = d2bc01665e0b48dbb98a865981af2315
# default
.FEATURES := target-specific order-only second-expansion else-if shortest-stem undefine oneshell archives jobserver output-sync check-symlink load
# environment
LS_COLORS = 
# environment
XDG_SESSION_DESKTOP = pop
# environment
SSH_AUTH_SOCK = /run/user/1000/keyring/ssh
# environment
GIO_LAUNCHED_DESKTOP_FILE_PID = 107798
# automatic
%F = $(notdir $%)
# environment
DISPLAY = :1
# environment
CONDA_EXE = /home/rishabhbali/anaconda3/bin/conda
# makefile (from 'Makefile', line 4)
SRCDIR := src
# environment
VSCODE_PIPE_LOGGING = true
# environment
PWD = /home/rishabhbali/image-processing
# default
.LOADED := 
# environment
SSH_AGENT_PID = 18018
# environment
ORIGINAL_XDG_CURRENT_DESKTOP = pop:GNOME
# environment
GTK_MODULES = gail:atk-bridge:appmenu-gtk-module
# environment
VSCODE_AMD_ENTRYPOINT = vs/workbench/api/node/extensionHostProcess
# environment
HOME = /home/rishabhbali
# environment
LESSCLOSE = /usr/bin/lesspipe %s %s
# environment
VSCODE_CODE_CACHE_PATH = /home/rishabhbali/.config/Code/CachedData/c3511e6c69bb39013c4a4b7b9566ec1ca73fc4d5
# environment
LOGNAME = rishabhbali
# environment
APPLICATION_INSIGHTS_NO_DIAGNOSTIC_CHANNEL = 1
# environment
CONDA_PROMPT_MODIFIER = (base) 
# environment
VSCODE_HANDLES_UNCAUGHT_ERRORS = true
# environment
GNOME_DESKTOP_SESSION_ID = this-is-deprecated
# automatic
^D = $(patsubst %/,%,$(dir $^))
# environment
MAKELEVEL := 0
# environment
CONDA_DEFAULT_ENV = base
# default
 
MAKE = $(MAKE_COMMAND)
# default
MAKECMDGOALS := all
# environment
QT_IM_MODULE = ibus
# environment
SHLVL = 0
# makefile (from 'Makefile', line 1)
CC := g++
# environment
GNOME_SHELL_SESSION_MODE = pop
# environment
VSCODE_IPC_HOOK_EXTHOST = /run/user/1000/vscode-ipc-b631a3f7-7788-47b0-ba5d-c82a767b5b47.sock
# default
MAKE_VERSION := 4.2.1
# environment
USER = rishabhbali
# makefile
.DEFAULT_GOAL := "ImageProcessing"
# environment
XDG_CURRENT_DESKTOP = Unity
# automatic
%D = $(patsubst %/,%,$(dir $%))
# environment
CONDA_SHLVL = 1
# default
MAKE_COMMAND := make
# default
.VARIABLES := 
# automatic
*F = $(notdir $*)
# environment
VSCODE_IPC_HOOK = /run/user/1000/vscode-3c250b02-1.67.2-main.sock
# makefile
MAKEFLAGS = pqrR
# environment
MFLAGS = -pqrR
# automatic
*D = $(patsubst %/,%,$(dir $*))
# automatic
+D = $(patsubst %/,%,$(dir $+))
# environment
GDK_BACKEND = x11
# automatic
+F = $(notdir $+)
# makefile (from 'Makefile', line 6)
SRCEXT := cpp
# environment
QT_ACCESSIBILITY = 1
# environment
DEFAULTS_PATH = /usr/share/gconf/pop.default.path
# default
MAKEFILES := 
# automatic
<F = $(notdir $<)
# environment
LC_ALL = C
# environment
DBUS_STARTER_BUS_TYPE = session
# environment
CONDA_PYTHON_EXE = /home/rishabhbali/anaconda3/bin/python
# automatic
^F = $(notdir $^)
# default
SUFFIXES := 
# environment
_CE_M = 
# environment
CHROME_DESKTOP = code-url-handler.desktop
# environment
WINDOWPATH = 2
# default
.INCLUDE_DIRS = /usr/include /usr/local/include /usr/include
# default
.RECIPEPREFIX := 
# makefile (from 'Makefile', line 8)
 
OBJECTS :=  build/image.o  build/main.o
# environment
LANG = C
# environment
VSCODE_PID = 107798
# environment
DBUS_STARTER_ADDRESS = unix:path=/run/user/1000/bus,guid=bede1b8d6bc23c8847de824d62904c1a
# environment
_CE_CONDA = 
# variable set hash-table stats:
# Load=115/1024=11%, Rehash=0, Collisions=22/151=15%

# Pattern-specific Variable Values

# No pattern-specific variable values.

# Directories

# . (device 64769, inode 14179673): 19 files, no impossibilities.
# src (device 64769, inode 14957532): 8 files, no impossibilities.

# 27 files, no impossibilities in 2 directories.

# Implicit Rules

build/%.o: src/%.cpp
#  recipe to execute (from 'Makefile', line 11):
	@printf "\e[33m\e[1mBuilding...\e[0m\n";
	@mkdir -p $(BUILDDIR)
	@echo "  $(notdir $@) from $(notdir $<)"
	@$(CC) $(CFLAGS) -c -o $@ $<

# 1 implicit rules, 0 (0.0%) terminal.

# Files

# Not a target:
build/main.o:
#  Implicit rule search has not been done.
#  Modification time never checked.
#  File has not been updated.

PHONY: clean r run
#  Implicit rule search has not been done.
#  Modification time never checked.
#  File has not been updated.

# Not a target:
all:
#  Command line target.
#  Implicit rule search has been done.
#  File does not exist.
#  File has not been updated.

r:
#  Implicit rule search has not been done.
#  Modification time never checked.
#  File has not been updated.
#  recipe to execute (from 'Makefile', line 32):
	@printf "\e[33m\e[1mRunning $(TARGET)\e[0m\n"
	@./$(TARGET)

# Not a target:
Makefile:
#  Implicit rule search has been done.
#  Last modified 2022-05-22 14:19:11.129839
#  File has been updated.
#  Successfully updated.

"ImageProcessing": build/image.o build/main.o
#  Implicit rule search has not been done.
#  Modification time never checked.
#  File has not been updated.
#  recipe to execute (from 'Makefile', line 17):
	@printf "\e[35m\e[1mLinking...\e[0m\n";
	@echo "  $(notdir $(OBJECTS))"
	@$(CC) $(CFLAGS) -o $@ $^

# Not a target:
build/image.o:
#  Implicit rule search has not been done.
#  Modification time never checked.
#  File has not been updated.

# Not a target:
.DEFAULT:
#  Implicit rule search has not been done.
#  Modification time never checked.
#  File has not been updated.

run:
#  Implicit rule search has not been done.
#  Modification time never checked.
#  File has not been updated.
#  recipe to execute (from 'Makefile', line 37):
	@mkdir -p $(BUILDDIR)
	@for source in $(basename $(notdir $(SOURCES))); do\
		printf "\e[33m\e[1mBuilding...\e[0m\n";\
		echo "  $$source.o from $$source.$(SRCEXT)";\
		$(CC) $(CFLAGS) -c -o $(BUILDDIR)/$$source.o $(SRCDIR)/$$source.$(SRCEXT);\
	done
	@printf "\e[95m\e[1mLinking...\e[0m\n";
	@echo "  $(notdir $(OBJECTS))"
	@$(CC) $(CFLAGS) -o $(TARGET) $(OBJECTS)
	@printf "\e[33m\e[1mRunning $(TARGET)\e[0m\n"
	@ ./$(TARGET)

clean:
#  Implicit rule search has not been done.
#  Modification time never checked.
#  File has not been updated.
#  recipe to execute (from 'Makefile', line 24):
	@printf "\e[31m\e[1mCleaning...\e[0m\n"
	@echo "  /$(BUILDDIR)"
	@echo "  /$(TARGET)"
	@$(RM) -r $(BUILDDIR) $(OBJECTS)
	@$(RM) "./$(TARGET)"

# files hash-table stats:
 
# Load=11/1024=1%, Rehash=0, Collisions=0/31=0%
# VPATH Search Paths

# No 'vpath' search paths.

 
# No general ('VPATH' variable) search path.

# strcache buffers: 1 (0) / strings = 39 / storage = 384 B / avg = 9 B
# current buf: size = 8162 B / used = 384 B / count = 39 / avg = 9 B

# strcache performance: lookups = 58 / hit rate = 32%
# hash-table stats:
# Load=39/8192=0%, Rehash=0, Collisions=2/58=3%
# Finished Make data base on Fri May 27 11:00:24 2022

 
